e:\working\printingcalculatedemo\printingcalculatedemo\x64\debug\printingcalculatedemo.pch
e:\working\printingcalculatedemo\printingcalculatedemo\x64\debug\vc120.pdb
e:\working\printingcalculatedemo\printingcalculatedemo\x64\debug\vc120.idb
e:\working\printingcalculatedemo\printingcalculatedemo\x64\debug\stdafx.obj
e:\working\printingcalculatedemo\printingcalculatedemo\x64\debug\printingcalculatedemo.obj
e:\working\printingcalculatedemo\printingcalculatedemo\x64\debug\printingcalculatedemodlg.obj
e:\working\printingcalculatedemo\printingcalculatedemo\x64\debug\printworkorder.obj
e:\working\printingcalculatedemo\x64\debug\printingcalculatedemo.ilk
e:\working\printingcalculatedemo\x64\debug\printingcalculatedemo.exe
e:\working\printingcalculatedemo\x64\debug\printingcalculatedemo.pdb
e:\working\printingcalculatedemo\printingcalculatedemo\x64\debug\printingcalculatedemo.res
f:\mygit\printingcalculatedemo\printingcalculatedemo\x64\debug\printingcalculatedemo.obj
f:\mygit\printingcalculatedemo\printingcalculatedemo\x64\debug\printingcalculatedemodlg.obj
f:\mygit\printingcalculatedemo\printingcalculatedemo\x64\debug\printworkorder.obj
f:\mygit\printingcalculatedemo\printingcalculatedemo\x64\debug\stdafx.obj
f:\mygit\printingcalculatedemo\printingcalculatedemo\x64\debug\printingcalculatedemo.res
f:\mygit\printingcalculatedemo\printingcalculatedemo\x64\debug\printingcalculatedemo.pch
f:\mygit\printingcalculatedemo\printingcalculatedemo\x64\debug\vc120.idb
f:\mygit\printingcalculatedemo\printingcalculatedemo\x64\debug\vc120.pdb
f:\mygit\printingcalculatedemo\x64\debug\printingcalculatedemo.pdb
f:\mygit\printingcalculatedemo\x64\debug\printingcalculatedemo.exe
f:\mygit\printingcalculatedemo\x64\debug\printingcalculatedemo.ilk
f:\mygit\printingcalculatedemo\printingcalculatedemo\x64\debug\printing.994894f4.tlog\cl.command.1.tlog
f:\mygit\printingcalculatedemo\printingcalculatedemo\x64\debug\printing.994894f4.tlog\cl.read.1.tlog
f:\mygit\printingcalculatedemo\printingcalculatedemo\x64\debug\printing.994894f4.tlog\cl.write.1.tlog
f:\mygit\printingcalculatedemo\printingcalculatedemo\x64\debug\printing.994894f4.tlog\link.command.1.tlog
f:\mygit\printingcalculatedemo\printingcalculatedemo\x64\debug\printing.994894f4.tlog\link.read.1.tlog
f:\mygit\printingcalculatedemo\printingcalculatedemo\x64\debug\printing.994894f4.tlog\link.write.1.tlog
f:\mygit\printingcalculatedemo\printingcalculatedemo\x64\debug\printing.994894f4.tlog\rc.command.1.tlog
f:\mygit\printingcalculatedemo\printingcalculatedemo\x64\debug\printing.994894f4.tlog\rc.read.1.tlog
f:\mygit\printingcalculatedemo\printingcalculatedemo\x64\debug\printing.994894f4.tlog\rc.write.1.tlog
